<?xml version="1.0" encoding="UTF-8"?>
<testng-results skipped="0" failed="0" ignored="1" total="2" passed="1">
  <reporter-output>
  </reporter-output>
  <suite name="Suite" duration-ms="7067" started-at="2021-06-27T04:25:14 UTC" finished-at="2021-06-27T04:25:21 UTC">
    <groups>
    </groups>
    <test name="application" duration-ms="7067" started-at="2021-06-27T04:25:14 UTC" finished-at="2021-06-27T04:25:21 UTC">
      <class name="test.LoginTest">
        <test-method status="PASS" signature="setup()[pri:0, instance:test.LoginTest@35d176f7]" name="setup" is-config="true" duration-ms="2876" started-at="2021-06-27T04:25:14 UTC" finished-at="2021-06-27T04:25:17 UTC">
          <reporter-output>
          </reporter-output>
        </test-method> <!-- setup -->
        <test-method status="PASS" signature="LoginTest2()[pri:0, instance:test.LoginTest@35d176f7]" name="LoginTest2" duration-ms="3763" started-at="2021-06-27T04:25:17 UTC" finished-at="2021-06-27T04:25:21 UTC">
          <reporter-output>
          </reporter-output>
        </test-method> <!-- LoginTest2 -->
        <test-method status="PASS" signature="aftermethod()[pri:0, instance:test.LoginTest@35d176f7]" name="aftermethod" is-config="true" duration-ms="393" started-at="2021-06-27T04:25:21 UTC" finished-at="2021-06-27T04:25:21 UTC">
          <reporter-output>
          </reporter-output>
        </test-method> <!-- aftermethod -->
      </class> <!-- test.LoginTest -->
    </test> <!-- application -->
  </suite> <!-- Suite -->
</testng-results>
