<?xml version="1.0" encoding="UTF-8"?>
<testng-results skipped="0" failed="0" ignored="1" total="2" passed="1">
  <reporter-output>
  </reporter-output>
  <suite name="Default suite" duration-ms="7008" started-at="2021-07-04T04:38:42 UTC" finished-at="2021-07-04T04:38:49 UTC">
    <groups>
    </groups>
    <test name="Default test" duration-ms="7008" started-at="2021-07-04T04:38:42 UTC" finished-at="2021-07-04T04:38:49 UTC">
      <class name="test.LoginTest">
        <test-method status="PASS" signature="setup()[pri:0, instance:test.LoginTest@6f195bc3]" name="setup" is-config="true" duration-ms="2743" started-at="2021-07-04T04:38:42 UTC" finished-at="2021-07-04T04:38:45 UTC">
          <reporter-output>
          </reporter-output>
        </test-method> <!-- setup -->
        <test-method status="PASS" signature="LoginTest2()[pri:0, instance:test.LoginTest@6f195bc3]" name="LoginTest2" duration-ms="3817" started-at="2021-07-04T04:38:45 UTC" finished-at="2021-07-04T04:38:49 UTC">
          <reporter-output>
          </reporter-output>
        </test-method> <!-- LoginTest2 -->
        <test-method status="PASS" signature="aftermethod()[pri:0, instance:test.LoginTest@6f195bc3]" name="aftermethod" is-config="true" duration-ms="393" started-at="2021-07-04T04:38:49 UTC" finished-at="2021-07-04T04:38:49 UTC">
          <reporter-output>
          </reporter-output>
        </test-method> <!-- aftermethod -->
      </class> <!-- test.LoginTest -->
    </test> <!-- Default test -->
  </suite> <!-- Default suite -->
</testng-results>
