<?xml version="1.0" encoding="UTF-8"?>
<testng-results skipped="0" failed="0" ignored="0" total="2" passed="2">
  <reporter-output>
  </reporter-output>
  <suite name="Default suite" duration-ms="93" started-at="2021-07-10T06:05:02 UTC" finished-at="2021-07-10T06:05:02 UTC">
    <groups>
    </groups>
    <test name="Default test" duration-ms="93" started-at="2021-07-10T06:05:02 UTC" finished-at="2021-07-10T06:05:02 UTC">
      <class name="TDD.PrimeNumTest">
        <test-method status="PASS" signature="NegativeTest()[pri:0, instance:TDD.PrimeNumTest@2bbf4b8b]" name="NegativeTest" duration-ms="13" started-at="2021-07-10T06:05:02 UTC" finished-at="2021-07-10T06:05:02 UTC">
          <reporter-output>
          </reporter-output>
        </test-method> <!-- NegativeTest -->
        <test-method status="PASS" signature="PositiveTest()[pri:0, instance:TDD.PrimeNumTest@2bbf4b8b]" name="PositiveTest" duration-ms="1" started-at="2021-07-10T06:05:02 UTC" finished-at="2021-07-10T06:05:02 UTC">
          <reporter-output>
          </reporter-output>
        </test-method> <!-- PositiveTest -->
      </class> <!-- TDD.PrimeNumTest -->
    </test> <!-- Default test -->
  </suite> <!-- Default suite -->
</testng-results>
